<?xml version="1.0" encoding="UTF-8"?>
<testsuite name="com.ppcxy.cyfm.sys.repository.jpa.SearchableTest" time="0.004" tests="1" errors="1" skipped="0" failures="0">
  <properties>
[...]
</properties>
  <testcase name="fineUserByFilter" classname="com.ppcxy.cyfm.sys.repository.jpa.SearchableTest" time="0.004">
    <error message="could not prepare statement; SQL [select user0_.id as id1_13_, user0_.create_date as create_d2_13_, user0_.email as email3_13_, user0_.name as name4_13_, user0_.password as password5_13_, user0_.salt as salt6_13_, user0_.status as status7_13_, user0_.team_id as team_id11_13_, user0_.tel as tel8_13_, user0_.totp_secret as totp_sec9_13_, user0_.username as usernam10_13_ from cy_sys_user user0_ where 1=1 and user0_.name=?]; nested exception is org.hibernate.exception.SQLGrammarException: could not prepare statement" type="org.springframework.dao.InvalidDataAccessResourceUsageException"><![CDATA[org.springframework.dao.InvalidDataAccessResourceUsageException: could not prepare statement; SQL [select user0_.id as id1_13_, user0_.create_date as create_d2_13_, user0_.email as email3_13_, user0_.name as name4_13_, user0_.password as password5_13_, user0_.salt as salt6_13_, user0_.status as status7_13_, user0_.team_id as team_id11_13_, user0_.tel as tel8_13_, user0_.totp_secret as totp_sec9_13_, user0_.username as usernam10_13_ from cy_sys_user user0_ where 1=1 and user0_.name=?]; nested exception is org.hibernate.exception.SQLGrammarException: could not prepare statement
	at org.h2.message.DbException.getJdbcSQLException(DbException.java:344)
	at org.h2.message.DbException.get(DbException.java:178)
	at org.h2.message.DbException.get(DbException.java:154)
	at org.h2.expression.ExpressionColumn.optimize(ExpressionColumn.java:148)
	at org.h2.expression.Alias.optimize(Alias.java:52)
	at org.h2.command.dml.Select.prepare(Select.java:831)
	at org.h2.command.Parser.prepareCommand(Parser.java:248)
	at org.h2.engine.Session.prepareLocal(Session.java:442)
	at org.h2.engine.Session.prepareCommand(Session.java:384)
	at org.h2.jdbc.JdbcConnection.prepareCommand(JdbcConnection.java:1188)
	at org.h2.jdbc.JdbcPreparedStatement.<init>(JdbcPreparedStatement.java:73)
	at org.h2.jdbc.JdbcConnection.prepareStatement(JdbcConnection.java:276)
	at sun.reflect.NativeMethodAccessorImpl.invoke0(Native Method)
	at sun.reflect.NativeMethodAccessorImpl.invoke(Unknown Source)
	at sun.reflect.DelegatingMethodAccessorImpl.invoke(Unknown Source)
	at java.lang.reflect.Method.invoke(Unknown Source)
	at org.springframework.jdbc.datasource.TransactionAwareDataSourceProxy$TransactionAwareInvocationHandler.invoke(TransactionAwareDataSourceProxy.java:240)
	at com.sun.proxy.$Proxy56.prepareStatement(Unknown Source)
	at org.hibernate.engine.jdbc.internal.StatementPreparerImpl$5.doPrepare(StatementPreparerImpl.java:162)
	at org.hibernate.engine.jdbc.internal.StatementPreparerImpl$StatementPreparationTemplate.prepareStatement(StatementPreparerImpl.java:186)
	at org.hibernate.engine.jdbc.internal.StatementPreparerImpl.prepareQueryStatement(StatementPreparerImpl.java:160)
	at org.hibernate.loader.Loader.prepareQueryStatement(Loader.java:1884)
	at org.hibernate.loader.Loader.executeQueryStatement(Loader.java:1861)
	at org.hibernate.loader.Loader.executeQueryStatement(Loader.java:1838)
	at org.hibernate.loader.Loader.doQuery(Loader.java:909)
	at org.hibernate.loader.Loader.doQueryAndInitializeNonLazyCollections(Loader.java:354)
	at org.hibernate.loader.Loader.doList(Loader.java:2553)
	at org.hibernate.loader.Loader.listUsingQueryCache(Loader.java:2398)
	at org.hibernate.loader.Loader.list(Loader.java:2361)
	at org.hibernate.loader.hql.QueryLoader.list(QueryLoader.java:496)
	at org.hibernate.hql.internal.ast.QueryTranslatorImpl.list(QueryTranslatorImpl.java:387)
	at org.hibernate.engine.query.spi.HQLQueryPlan.performList(HQLQueryPlan.java:231)
	at org.hibernate.internal.SessionImpl.list(SessionImpl.java:1264)
	at org.hibernate.internal.QueryImpl.list(QueryImpl.java:103)
	at org.hibernate.jpa.internal.QueryImpl.list(QueryImpl.java:573)
	at org.hibernate.jpa.internal.QueryImpl.getResultList(QueryImpl.java:449)
	at com.ppcxy.common.repository.jpa.RepositoryHelper.findAll(RepositoryHelper.java:81)
	at com.ppcxy.common.repository.jpa.support.SimpleBaseRepository.findAll(SimpleBaseRepository.java:484)
	at sun.reflect.NativeMethodAccessorImpl.invoke0(Native Method)
	at sun.reflect.NativeMethodAccessorImpl.invoke(Unknown Source)
	at sun.reflect.DelegatingMethodAccessorImpl.invoke(Unknown Source)
	at java.lang.reflect.Method.invoke(Unknown Source)
	at org.springframework.data.repository.core.support.RepositoryFactorySupport$QueryExecutorMethodInterceptor.executeMethodOn(RepositoryFactorySupport.java:515)
	at org.springframework.data.repository.core.support.RepositoryFactorySupport$QueryExecutorMethodInterceptor.doInvoke(RepositoryFactorySupport.java:500)
	at org.springframework.data.repository.core.support.RepositoryFactorySupport$QueryExecutorMethodInterceptor.invoke(RepositoryFactorySupport.java:477)
	at org.springframework.aop.framework.ReflectiveMethodInvocation.proceed(ReflectiveMethodInvocation.java:179)
	at org.springframework.data.projection.DefaultMethodInvokingMethodInterceptor.invoke(DefaultMethodInvokingMethodInterceptor.java:56)
	at org.springframework.aop.framework.ReflectiveMethodInvocation.proceed(ReflectiveMethodInvocation.java:179)
	at org.springframework.transaction.interceptor.TransactionInterceptor$1.proceedWithInvocation(TransactionInterceptor.java:99)
	at org.springframework.transaction.interceptor.TransactionAspectSupport.invokeWithinTransaction(TransactionAspectSupport.java:282)
	at org.springframework.transaction.interceptor.TransactionInterceptor.invoke(TransactionInterceptor.java:96)
	at org.springframework.aop.framework.ReflectiveMethodInvocation.proceed(ReflectiveMethodInvocation.java:179)
	at org.springframework.dao.support.PersistenceExceptionTranslationInterceptor.invoke(PersistenceExceptionTranslationInterceptor.java:136)
	at org.springframework.aop.framework.ReflectiveMethodInvocation.proceed(ReflectiveMethodInvocation.java:179)
	at org.springframework.data.jpa.repository.support.CrudMethodMetadataPostProcessor$CrudMethodMetadataPopulatingMethodInterceptor.invoke(CrudMethodMetadataPostProcessor.java:133)
	at org.springframework.aop.framework.ReflectiveMethodInvocation.proceed(ReflectiveMethodInvocation.java:179)
	at org.springframework.aop.interceptor.ExposeInvocationInterceptor.invoke(ExposeInvocationInterceptor.java:92)
	at org.springframework.aop.framework.ReflectiveMethodInvocation.proceed(ReflectiveMethodInvocation.java:179)
	at org.springframework.data.repository.core.support.SurroundingTransactionDetectorMethodInterceptor.invoke(SurroundingTransactionDetectorMethodInterceptor.java:57)
	at org.springframework.aop.framework.ReflectiveMethodInvocation.proceed(ReflectiveMethodInvocation.java:179)
	at org.springframework.aop.framework.JdkDynamicAopProxy.invoke(JdkDynamicAopProxy.java:213)
	at com.sun.proxy.$Proxy96.findAll(Unknown Source)
	at com.ppcxy.cyfm.sys.repository.jpa.SearchableTest.fineUserByFilter(SearchableTest.java:38)
]]></error>
    <system-out><![CDATA[15:55:02.085 [main] WARN  o.h.c.e.AbstractEhcacheRegionFactory - HHH020003: Could not find a specific ehcache configuration for cache named [com.ppcxy.cyfm.sys.entity.permission.RoleResourcePermission]; using defaults.
15:55:02.089 [main] WARN  o.h.c.e.AbstractEhcacheRegionFactory - HHH020003: Could not find a specific ehcache configuration for cache named [com.ppcxy.cyfm.sys.entity.user.UserOnline]; using defaults.
15:55:02.095 [main] WARN  o.h.c.e.AbstractEhcacheRegionFactory - HHH020003: Could not find a specific ehcache configuration for cache named [com.ppcxy.cyfm.manage.entity.maintaion.notification.NotificationData]; using defaults.
15:55:02.099 [main] WARN  o.h.c.e.AbstractEhcacheRegionFactory - HHH020003: Could not find a specific ehcache configuration for cache named [com.ppcxy.cyfm.sys.entity.resource.Resource]; using defaults.
15:55:02.102 [main] WARN  o.h.c.e.AbstractEhcacheRegionFactory - HHH020003: Could not find a specific ehcache configuration for cache named [com.ppcxy.cyfm.sys.entity.permission.Role.roleResourcePermissions]; using defaults.
15:55:03.293 [springScheduler-2] INFO  c.p.c.s.d.s.U.spring timer job by xml - There are test user in database.
Hibernate: select permission0_.id as id1_8_, permission0_.description as descript2_8_, permission0_.name as name3_8_, permission0_.value as value4_8_ from cy_sys_permission permission0_ where 1=1
15:55:03.348 [main] WARN  o.s.aop.framework.CglibAopProxy - Unable to proxy interface-implementing method [public final void org.springframework.test.context.junit4.AbstractJUnit4SpringContextTests.setApplicationContext(org.springframework.context.ApplicationContext)] because it is marked as final: Consider using interface-based JDK proxies instead!
Hibernate: select user0_.id as id1_13_, user0_.create_date as create_d2_13_, user0_.email as email3_13_, user0_.name as name4_13_, user0_.password as password5_13_, user0_.salt as salt6_13_, user0_.status as status7_13_, user0_.team_id as team_id11_13_, user0_.tel as tel8_13_, user0_.totp_secret as totp_sec9_13_, user0_.username as usernam10_13_ from cy_sys_user user0_ where 1=1 and user0_.name=?
15:55:03.383 [main] WARN  o.h.e.jdbc.spi.SqlExceptionHelper - SQL Error: 42122, SQLState: 42S22
15:55:03.383 [main] ERROR o.h.e.jdbc.spi.SqlExceptionHelper - Column "USER0_.TOTP_SECRET" not found; SQL statement:
select user0_.id as id1_13_, user0_.create_date as create_d2_13_, user0_.email as email3_13_, user0_.name as name4_13_, user0_.password as password5_13_, user0_.salt as salt6_13_, user0_.status as status7_13_, user0_.team_id as team_id11_13_, user0_.tel as tel8_13_, user0_.totp_secret as totp_sec9_13_, user0_.username as usernam10_13_ from cy_sys_user user0_ where 1=1 and user0_.name=? [42122-176]
]]></system-out>
  </testcase>
</testsuite>