<?xml version="1.0" encoding="UTF-8"?>
<testsuite name="com.ppcxy.cyfm.showcase.demos.jms.JmsAdvancedTest" time="6.175" tests="3" errors="0" skipped="0" failures="0">
  <properties>
[...]
</properties>
  <testcase name="topicMessage" classname="com.ppcxy.cyfm.showcase.demos.jms.JmsAdvancedTest" time="2.171"/>
  <testcase name="topicMessageWithWrongType" classname="com.ppcxy.cyfm.showcase.demos.jms.JmsAdvancedTest" time="2.002"/>
  <testcase name="queueMessage" classname="com.ppcxy.cyfm.showcase.demos.jms.JmsAdvancedTest" time="2.002"/>
</testsuite>