<?xml version="1.0" encoding="UTF-8"?>
<testsuite name="com.ppcxy.cyfm.sys.repository.jpa.JpaMappingTest" time="0.209" tests="1" errors="1" skipped="0" failures="0">
  <properties>
[...]
</properties>
  <testcase name="allClassMapping" classname="com.ppcxy.cyfm.sys.repository.jpa.JpaMappingTest" time="0.209">
    <error message="org.hibernate.exception.SQLGrammarException: could not prepare statement" type="javax.persistence.PersistenceException"><![CDATA[javax.persistence.PersistenceException: org.hibernate.exception.SQLGrammarException: could not prepare statement
	at org.h2.message.DbException.getJdbcSQLException(DbException.java:344)
	at org.h2.message.DbException.get(DbException.java:178)
	at org.h2.message.DbException.get(DbException.java:154)
	at org.h2.command.Parser.readTableOrView(Parser.java:5213)
	at org.h2.command.Parser.readTableFilter(Parser.java:1220)
	at org.h2.command.Parser.parseSelectSimpleFromPart(Parser.java:1859)
	at org.h2.command.Parser.parseSelectSimple(Parser.java:1968)
	at org.h2.command.Parser.parseSelectSub(Parser.java:1853)
	at org.h2.command.Parser.parseSelectUnion(Parser.java:1674)
	at org.h2.command.Parser.parseSelect(Parser.java:1662)
	at org.h2.command.Parser.parsePrepared(Parser.java:434)
	at org.h2.command.Parser.parse(Parser.java:306)
	at org.h2.command.Parser.parse(Parser.java:278)
	at org.h2.command.Parser.prepareCommand(Parser.java:243)
	at org.h2.engine.Session.prepareLocal(Session.java:442)
	at org.h2.engine.Session.prepareCommand(Session.java:384)
	at org.h2.jdbc.JdbcConnection.prepareCommand(JdbcConnection.java:1188)
	at org.h2.jdbc.JdbcPreparedStatement.<init>(JdbcPreparedStatement.java:73)
	at org.h2.jdbc.JdbcConnection.prepareStatement(JdbcConnection.java:276)
	at sun.reflect.NativeMethodAccessorImpl.invoke0(Native Method)
	at sun.reflect.NativeMethodAccessorImpl.invoke(Unknown Source)
	at sun.reflect.DelegatingMethodAccessorImpl.invoke(Unknown Source)
	at java.lang.reflect.Method.invoke(Unknown Source)
	at org.springframework.jdbc.datasource.TransactionAwareDataSourceProxy$TransactionAwareInvocationHandler.invoke(TransactionAwareDataSourceProxy.java:240)
	at com.sun.proxy.$Proxy56.prepareStatement(Unknown Source)
	at org.hibernate.engine.jdbc.internal.StatementPreparerImpl$5.doPrepare(StatementPreparerImpl.java:162)
	at org.hibernate.engine.jdbc.internal.StatementPreparerImpl$StatementPreparationTemplate.prepareStatement(StatementPreparerImpl.java:186)
	at org.hibernate.engine.jdbc.internal.StatementPreparerImpl.prepareQueryStatement(StatementPreparerImpl.java:160)
	at org.hibernate.loader.Loader.prepareQueryStatement(Loader.java:1884)
	at org.hibernate.loader.Loader.executeQueryStatement(Loader.java:1861)
	at org.hibernate.loader.Loader.executeQueryStatement(Loader.java:1838)
	at org.hibernate.loader.Loader.doQuery(Loader.java:909)
	at org.hibernate.loader.Loader.doQueryAndInitializeNonLazyCollections(Loader.java:354)
	at org.hibernate.loader.Loader.doList(Loader.java:2553)
	at org.hibernate.loader.Loader.doList(Loader.java:2539)
	at org.hibernate.loader.Loader.listIgnoreQueryCache(Loader.java:2369)
	at org.hibernate.loader.Loader.list(Loader.java:2364)
	at org.hibernate.loader.hql.QueryLoader.list(QueryLoader.java:496)
	at org.hibernate.hql.internal.ast.QueryTranslatorImpl.list(QueryTranslatorImpl.java:387)
	at org.hibernate.engine.query.spi.HQLQueryPlan.performList(HQLQueryPlan.java:231)
	at org.hibernate.internal.SessionImpl.list(SessionImpl.java:1264)
	at org.hibernate.internal.QueryImpl.list(QueryImpl.java:103)
	at org.hibernate.jpa.internal.QueryImpl.list(QueryImpl.java:573)
	at org.hibernate.jpa.internal.QueryImpl.getResultList(QueryImpl.java:449)
	at com.ppcxy.cyfm.sys.repository.jpa.JpaMappingTest.allClassMapping(JpaMappingTest.java:48)
]]></error>
    <system-out><![CDATA[15:54:50.617 [main] WARN  o.s.aop.framework.CglibAopProxy - Unable to proxy interface-implementing method [public final void org.springframework.test.context.junit4.AbstractJUnit4SpringContextTests.setApplicationContext(org.springframework.context.ApplicationContext)] because it is marked as final: Consider using interface-based JDK proxies instead!
Hibernate: select notificati0_.id as id1_4_, notificati0_.content as content2_4_, notificati0_.publish_date as publish_3_4_, notificati0_.is_read as is_read4_4_, notificati0_.system as system5_4_, notificati0_.title as title6_4_, notificati0_.user_id as user_id7_4_ from cy_maintain_notification_data notificati0_
15:54:50.656 [main] INFO  c.p.c.s.r.jpa.JpaMappingTest - ok: NotificationData
Hibernate: select remoteapim0_.id as id1_1_, remoteapim0_.join_system_id as join_sys7_1_, remoteapim0_.param_model as param_mo2_1_, remoteapim0_.remark as remark3_1_, remoteapim0_.remote_api_name as remote_a4_1_, remoteapim0_.remote_api_path as remote_a5_1_, remoteapim0_.request_method as request_6_1_ from bus_remote_api remoteapim0_
15:54:50.658 [main] INFO  c.p.c.s.r.jpa.JpaMappingTest - ok: RemoteApiModel
Hibernate: select roleresour0_.id as id1_11_, roleresour0_.permission_ids as permissi2_11_, roleresour0_.resource_id as resource3_11_, roleresour0_.role_id as role_id4_11_ from cy_sys_role_resource_permission roleresour0_
15:54:50.661 [main] INFO  c.p.c.s.r.jpa.JpaMappingTest - ok: RoleResourcePermission
Hibernate: select resource0_.id as id1_9_, resource0_.icon as icon2_9_, resource0_._identity as _identit3_9_, resource0_.name as name4_9_, resource0_.parent_id as parent_i5_9_, resource0_.parent_ids as parent_i6_9_, resource0_.resource_type as resource7_9_, resource0_.is_show as is_show8_9_, resource0_.url as url9_9_, resource0_.weight as weight10_9_, (select count(*) from cy_sys_resource f_t where f_t.parent_id = resource0_.id) as formula0_ from cy_sys_resource resource0_
15:54:50.815 [main] INFO  c.p.c.s.r.jpa.JpaMappingTest - ok: Resource
Hibernate: select role0_.id as id1_10_, role0_.description as descript2_10_, role0_.name as name3_10_, role0_.permissions as permissi4_10_, role0_.value as value5_10_ from cy_sys_role role0_
Hibernate: select roleresour0_.role_id as role_id4_10_1_, roleresour0_.id as id1_11_1_, roleresour0_.id as id1_11_0_, roleresour0_.permission_ids as permissi2_11_0_, roleresour0_.resource_id as resource3_11_0_, roleresour0_.role_id as role_id4_11_0_ from cy_sys_role_resource_permission roleresour0_ where roleresour0_.role_id in (?, ?) order by roleresour0_.id asc
15:54:50.834 [main] INFO  c.p.c.s.r.jpa.JpaMappingTest - ok: Role
Hibernate: select permission0_.id as id1_8_, permission0_.description as descript2_8_, permission0_.name as name3_8_, permission0_.value as value4_8_ from cy_sys_permission permission0_
15:54:50.842 [main] INFO  c.p.c.s.r.jpa.JpaMappingTest - ok: Permission
Hibernate: select exceltempl0_.id as id1_3_, exceltempl0_.resource_identity as resource2_3_, exceltempl0_.template_id as template3_3_ from cy_excel_template exceltempl0_
15:54:50.845 [main] WARN  o.h.e.jdbc.spi.SqlExceptionHelper - SQL Error: 42102, SQLState: 42S02
15:54:50.845 [main] ERROR o.h.e.jdbc.spi.SqlExceptionHelper - Table "CY_EXCEL_TEMPLATE" not found; SQL statement:
select exceltempl0_.id as id1_3_, exceltempl0_.resource_identity as resource2_3_, exceltempl0_.template_id as template3_3_ from cy_excel_template exceltempl0_ [42102-176]
]]></system-out>
  </testcase>
</testsuite>